<?xml version="1.0" encoding="UTF-8"?>
<coverage generated="1574498596908" clover="3.2.0">
  <project timestamp="1574498596909" name="All files">
    <metrics statements="6" coveredstatements="5" conditionals="0" coveredconditionals="0" methods="1" coveredmethods="1" elements="7" coveredelements="6" complexity="0" loc="6" ncloc="6" packages="1" files="1" classes="1"/>
    <file name="app.js" path="/app/src/cmd/lambdas/hello-world/app.js">
      <metrics statements="6" coveredstatements="5" conditionals="0" coveredconditionals="0" methods="1" coveredmethods="1"/>
      <line num="1" count="1" type="stmt"/>
      <line num="8" count="1" type="stmt"/>
      <line num="9" count="1" type="stmt"/>
      <line num="10" count="1" type="stmt"/>
      <line num="15" count="0" type="stmt"/>
      <line num="21" count="1" type="stmt"/>
    </file>
  </project>
</coverage>
